2024-05-29 19:39:33,052 - pyswarms.backend.generators - ERROR - Bounds and/or init_pos should be of size (2,)
Traceback (most recent call last):
  File "C:\Users\komet\AppData\Local\Packages\PythonSoftwareFoundation.Python.3.10_qbz5n2kfra8p0\LocalCache\local-packages\Python310\site-packages\pyswarms\backend\generators.py", line 81, in generate_swarm
    pos = center * np.random.uniform(
  File "numpy\\random\\mtrand.pyx", line 1171, in numpy.random.mtrand.RandomState.uniform
  File "_common.pyx", line 600, in numpy.random._common.cont
  File "_common.pyx", line 517, in numpy.random._common.cont_broadcast_2
  File "__init__.cython-30.pxd", line 780, in numpy.PyArray_MultiIterNew3
ValueError: shape mismatch: objects cannot be broadcast to a single shape.  Mismatch is between arg 0 with shape (10, 2) and arg 1 with shape (10, 4).
2024-05-29 19:44:36,408 - pyswarms.backend.generators - ERROR - Bounds and/or init_pos should be of size (2,)
Traceback (most recent call last):
  File "C:\Users\komet\AppData\Local\Packages\PythonSoftwareFoundation.Python.3.10_qbz5n2kfra8p0\LocalCache\local-packages\Python310\site-packages\pyswarms\backend\generators.py", line 81, in generate_swarm
    pos = center * np.random.uniform(
  File "numpy\\random\\mtrand.pyx", line 1171, in numpy.random.mtrand.RandomState.uniform
  File "_common.pyx", line 600, in numpy.random._common.cont
  File "_common.pyx", line 517, in numpy.random._common.cont_broadcast_2
  File "__init__.cython-30.pxd", line 780, in numpy.PyArray_MultiIterNew3
ValueError: shape mismatch: objects cannot be broadcast to a single shape.  Mismatch is between arg 0 with shape (10, 2) and arg 1 with shape (10, 4).
2024-05-29 19:46:58,724 - pyswarms.single.local_best - INFO - Optimize for 1000 iters with {'c1': 0.5, 'c2': 0.3, 'w': 0.9, 'k': 2, 'p': 2}
2024-05-29 19:47:30,554 - pyswarms.single.local_best - INFO - Optimize for 1000 iters with {'c1': 0.5, 'c2': 0.3, 'w': 0.9, 'k': 2, 'p': 2}
2024-05-29 19:48:45,369 - pyswarms.single.local_best - INFO - Optimize for 1000 iters with {'c1': 0.5, 'c2': 0.3, 'w': 0.9, 'k': 2, 'p': 2}
2024-05-29 19:49:22,861 - pyswarms.single.local_best - INFO - Optimize for 1000 iters with {'c1': 0.5, 'c2': 0.3, 'w': 0.9, 'k': 2, 'p': 2}
2024-05-29 19:49:23,569 - pyswarms.single.local_best - INFO - Optimization finished | best cost: -621.972966015439, best pos: [4.95995854 3.96800627 2.99426487 1.73693017]
2024-05-29 19:50:58,946 - pyswarms.single.local_best - INFO - Optimize for 1000 iters with {'c1': 0.5, 'c2': 0.3, 'w': 0.9, 'k': 2, 'p': 2}
2024-05-29 19:50:59,620 - pyswarms.single.local_best - INFO - Optimization finished | best cost: -613.1013274682462, best pos: [4.92321406 3.91965986 2.96807404 1.81933179]
2024-05-29 19:51:35,787 - pyswarms.single.local_best - INFO - Optimize for 1000 iters with {'c1': 0.5, 'c2': 0.3, 'w': 0.9, 'k': 2, 'p': 2}
2024-05-29 19:51:36,426 - pyswarms.single.local_best - INFO - Optimization finished | best cost: -600.5813009713576, best pos: [4.90252289 3.89423479 2.99922142 1.59427966]
2024-05-29 19:51:54,772 - pyswarms.single.local_best - INFO - Optimize for 1000 iters with {'c1': 0.5, 'c2': 0.3, 'w': 0.9, 'k': 2, 'p': 2}
2024-05-29 19:51:55,413 - pyswarms.single.local_best - INFO - Optimization finished | best cost: -586.779005341685, best pos: [4.92280693 3.91835764 2.5773609  1.7803844 ]
2024-05-29 19:52:01,178 - pyswarms.single.local_best - INFO - Optimize for 1000 iters with {'c1': 0.5, 'c2': 0.3, 'w': 0.9, 'k': 2, 'p': 2}
2024-05-29 19:52:01,843 - pyswarms.single.local_best - INFO - Optimization finished | best cost: -595.6382257909062, best pos: [4.94907399 3.99552381 2.56764247 1.72818523]
2024-05-29 19:52:05,789 - pyswarms.single.local_best - INFO - Optimize for 1000 iters with {'c1': 0.5, 'c2': 0.3, 'w': 0.9, 'k': 2, 'p': 2}
2024-05-29 19:52:06,494 - pyswarms.single.local_best - INFO - Optimization finished | best cost: -617.2070035443005, best pos: [4.95489124 3.95273299 2.86959208 1.87398365]
2024-05-29 19:54:27,878 - pyswarms.single.local_best - INFO - Optimize for 1000 iters with {'c1': 0.5, 'c2': 0.3, 'w': 0.9, 'k': 2, 'p': 2}
2024-05-29 19:54:28,525 - pyswarms.single.local_best - INFO - Optimization finished | best cost: -585.3375044217183, best pos: [4.97802117 3.85582848 2.63898953 1.57107928]
2024-05-29 19:57:52,123 - pyswarms.single.local_best - INFO - Optimize for 1000 iters with {'c1': 0.5, 'c2': 0.3, 'w': 0.9, 'k': 2, 'p': 2}
2024-05-29 19:57:52,759 - pyswarms.single.local_best - INFO - Optimization finished | best cost: -607.5774525995743, best pos: [4.90678875 3.98359871 2.92050927 1.66574564]
2024-05-29 20:05:47,096 - pyswarms.single.global_best - INFO - Optimize for 1000 iters with {'c1': 0.5, 'c2': 0.3, 'w': 0.9}
2024-05-29 20:05:47,633 - pyswarms.single.global_best - INFO - Optimization finished | best cost: -388.6189601011678, best pos: [1.00357806 1.3867205  1.20248443 1.01810945]
2024-05-29 20:07:31,858 - pyswarms.single.global_best - INFO - Optimize for 1000 iters with {'c1': 0.5, 'c2': 0.3, 'w': 0.9}
2024-05-29 20:07:32,359 - pyswarms.single.global_best - INFO - Optimization finished | best cost: -402.04855349695174, best pos: [1.00293065 1.15703715 1.00886377 1.54599239]
2024-05-29 20:07:36,257 - pyswarms.single.global_best - INFO - Optimize for 1000 iters with {'c1': 0.5, 'c2': 0.3, 'w': 0.9}
2024-05-29 20:07:36,750 - pyswarms.single.global_best - INFO - Optimization finished | best cost: -400.5031361717245, best pos: [1.02022493 1.09250206 1.29577531 1.21127641]
2024-05-29 20:08:49,766 - pyswarms.single.global_best - INFO - Optimize for 1000 iters with {'c1': 0.5, 'c2': 0.3, 'w': 0.9}
2024-05-29 20:08:50,271 - pyswarms.single.global_best - INFO - Optimization finished | best cost: -378.37334314687735, best pos: [1.03451027 1.00910884 1.41145646 1.72243381]
2024-05-29 20:11:20,110 - pyswarms.single.global_best - INFO - Optimize for 1000 iters with {'c1': 0.5, 'c2': 0.3, 'w': 0.9}
2024-05-29 20:11:20,561 - pyswarms.single.global_best - INFO - Optimization finished | best cost: -413.67739996513825, best pos: [1.01196939 1.12900442 1.04534949 1.22801765]
2024-05-29 20:11:57,943 - pyswarms.single.global_best - INFO - Optimize for 1000 iters with {'c1': 0.5, 'c2': 0.3, 'w': 0.9}
2024-05-29 20:11:58,417 - pyswarms.single.global_best - INFO - Optimization finished | best cost: -608.504477972521, best pos: [4.96709518 3.90268003 2.51907081 1.94728585]
2024-05-29 20:12:42,961 - pyswarms.single.global_best - INFO - Optimize for 1000 iters with {'c1': 0.5, 'c2': 0.3, 'w': 0.9}
2024-05-29 20:12:43,409 - pyswarms.single.global_best - INFO - Optimization finished | best cost: -402.9352102428628, best pos: [1.04645689 1.02507533 1.27133901 1.24646896]
2024-05-29 20:12:45,176 - pyswarms.single.global_best - INFO - Optimize for 1000 iters with {'c1': 0.5, 'c2': 0.3, 'w': 0.9}
2024-05-29 20:12:45,651 - pyswarms.single.global_best - INFO - Optimization finished | best cost: -406.69569947249124, best pos: [1.02415219 1.09922529 1.09477622 1.3462161 ]
2024-05-29 20:13:35,455 - pyswarms.single.global_best - INFO - Optimize for 1000 iters with {'c1': 0.5, 'c2': 0.3, 'w': 0.9}
2024-05-29 20:14:12,837 - pyswarms.single.global_best - INFO - Optimize for 1000 iters with {'c1': 0.5, 'c2': 0.3, 'w': 0.9}
2024-05-29 20:14:13,286 - pyswarms.single.global_best - INFO - Optimization finished | best cost: -607.1812369115485, best pos: [4.98650884 3.69383716 2.84814796 1.81124963]
2024-05-29 20:14:36,333 - pyswarms.single.global_best - INFO - Optimize for 1000 iters with {'c1': 0.5, 'c2': 0.3, 'w': 0.9}
2024-05-29 20:14:36,794 - pyswarms.single.global_best - INFO - Optimization finished | best cost: -621.1964468077385, best pos: [4.9526597  3.93659493 2.95039308 1.55081563]
2024-05-29 20:14:54,014 - pyswarms.single.global_best - INFO - Optimize for 1000 iters with {'c1': 0.5, 'c2': 0.3, 'w': 0.9}
2024-05-29 20:14:55,191 - pyswarms.single.global_best - INFO - Optimization finished | best cost: -612.8225511023472, best pos: [4.96260527 3.79788831 2.95315212 1.63016736]
2024-05-29 20:15:15,367 - pyswarms.single.global_best - INFO - Optimize for 1000 iters with {'c1': 0.5, 'c2': 0.3, 'w': 0.9}
2024-05-29 20:15:16,542 - pyswarms.single.global_best - INFO - Optimization finished | best cost: -614.2008822026387, best pos: [4.90640553 3.94631919 2.66800671 1.98942315]
2024-05-29 20:15:56,933 - pyswarms.single.global_best - INFO - Optimize for 1000 iters with {'c1': 0.5, 'c2': 0.3, 'w': 0.9}
2024-05-29 20:15:58,729 - pyswarms.single.global_best - INFO - Optimization finished | best cost: -631.8394704249927, best pos: [4.99866245 3.89952043 2.9865829  1.66395529]
2024-05-29 20:18:37,762 - pyswarms.single.global_best - INFO - Optimize for 1000 iters with {'c1': 0.5, 'c2': 0.3, 'w': 0.9}
2024-05-29 20:18:41,504 - pyswarms.single.global_best - INFO - Optimization finished | best cost: -395.16396204556014, best pos: [1.02684074 1.18771299 1.07094622 1.44951286]
2024-05-29 20:20:42,639 - pyswarms.single.global_best - INFO - Optimize for 1000 iters with {'c1': 0.5, 'c2': 0.3, 'w': 0.9}
2024-05-29 20:20:45,824 - pyswarms.single.global_best - INFO - Optimization finished | best cost: -399.05234063781853, best pos: [1.03204838 1.16326672 1.04478495 1.4320019 ]
2024-05-29 20:22:28,773 - pyswarms.single.global_best - INFO - Optimize for 1000 iters with {'c1': 0.5, 'c2': 0.3, 'w': 0.9}
2024-05-29 20:22:29,270 - pyswarms.single.global_best - INFO - Optimization finished | best cost: -624.4200966691694, best pos: [4.99424633 3.92621976 2.96078835 1.47332832]
2024-05-29 20:23:18,662 - pyswarms.single.global_best - INFO - Optimize for 1000 iters with {'c1': 0.5, 'c2': 0.3, 'w': 0.9}
2024-05-29 20:23:43,254 - pyswarms.single.global_best - INFO - Optimize for 1000 iters with {'c1': 0.5, 'c2': 0.3, 'w': 0.9}
2024-05-29 20:23:54,053 - pyswarms.single.global_best - INFO - Optimize for 1000 iters with {'c1': 0.5, 'c2': 0.3, 'w': 0.9}
2024-05-29 20:26:32,421 - pyswarms.single.global_best - INFO - Optimize for 1000 iters with {'c1': 0.5, 'c2': 0.3, 'w': 0.9}
2024-05-29 20:26:32,877 - pyswarms.single.global_best - INFO - Optimization finished | best cost: 0.0, best pos: [2.23917765 3.71948218 1.57250402 1.08321865]
2024-05-29 20:26:39,877 - pyswarms.single.global_best - INFO - Optimize for 1000 iters with {'c1': 0.5, 'c2': 0.3, 'w': 0.9}
2024-05-29 20:26:40,330 - pyswarms.single.global_best - INFO - Optimization finished | best cost: 0.0, best pos: [3.07075977 3.20397156 2.05707884 1.52395062]
2024-05-29 20:26:42,192 - pyswarms.single.global_best - INFO - Optimize for 1000 iters with {'c1': 0.5, 'c2': 0.3, 'w': 0.9}
2024-05-29 20:26:42,658 - pyswarms.single.global_best - INFO - Optimization finished | best cost: 0.0, best pos: [2.55583079 2.50976798 2.87042772 1.8136334 ]
2024-05-29 20:26:44,566 - pyswarms.single.global_best - INFO - Optimize for 1000 iters with {'c1': 0.5, 'c2': 0.3, 'w': 0.9}
2024-05-29 20:26:45,057 - pyswarms.single.global_best - INFO - Optimization finished | best cost: 0.0, best pos: [3.86064114 1.63274841 1.09434082 1.84207938]
2024-05-29 20:26:48,387 - pyswarms.single.global_best - INFO - Optimize for 1000 iters with {'c1': 0.5, 'c2': 0.3, 'w': 0.9}
2024-05-29 20:26:48,831 - pyswarms.single.global_best - INFO - Optimization finished | best cost: 0.0, best pos: [3.35721872 2.30930476 2.71611617 1.44505342]
2024-05-29 20:26:50,486 - pyswarms.single.global_best - INFO - Optimize for 1000 iters with {'c1': 0.5, 'c2': 0.3, 'w': 0.9}
2024-05-29 20:26:50,943 - pyswarms.single.global_best - INFO - Optimization finished | best cost: 0.0, best pos: [2.67216553 2.90528429 1.00304078 1.79656373]
2024-05-29 20:27:41,369 - pyswarms.single.global_best - INFO - Optimize for 1000 iters with {'c1': 0.5, 'c2': 0.3, 'w': 0.9}
2024-05-29 20:27:41,841 - pyswarms.single.global_best - INFO - Optimization finished | best cost: 0.0, best pos: [2.56845374 1.86472877 2.45194097 1.52978931]
2024-05-29 20:27:44,332 - pyswarms.single.global_best - INFO - Optimize for 1000 iters with {'c1': 0.5, 'c2': 0.3, 'w': 0.9}
2024-05-29 20:27:44,789 - pyswarms.single.global_best - INFO - Optimization finished | best cost: 0.0, best pos: [3.13177534 3.70615207 1.09193984 1.19775275]
2024-05-29 20:27:46,648 - pyswarms.single.global_best - INFO - Optimize for 1000 iters with {'c1': 0.5, 'c2': 0.3, 'w': 0.9}
2024-05-29 20:27:47,114 - pyswarms.single.global_best - INFO - Optimization finished | best cost: 0.0, best pos: [2.55177314 3.97385212 1.15719081 1.90627814]
2024-05-29 20:28:15,221 - pyswarms.single.global_best - INFO - Optimize for 1000 iters with {'c1': 0.5, 'c2': 0.3, 'w': 0.9}
2024-05-29 20:28:15,672 - pyswarms.single.global_best - INFO - Optimization finished | best cost: 0.0, best pos: [3.35246426 1.34026685 2.59923937 1.32339074]
2024-05-29 20:28:17,565 - pyswarms.single.global_best - INFO - Optimize for 1000 iters with {'c1': 0.5, 'c2': 0.3, 'w': 0.9}
2024-05-29 20:28:18,011 - pyswarms.single.global_best - INFO - Optimization finished | best cost: 0.0, best pos: [2.18017977 2.66852798 2.90346114 1.47224971]
2024-05-29 20:28:38,415 - pyswarms.single.global_best - INFO - Optimize for 1000 iters with {'c1': 0.5, 'c2': 0.3, 'w': 0.9}
2024-05-29 20:28:39,624 - pyswarms.single.global_best - INFO - Optimization finished | best cost: 0.0, best pos: [4.70753966 2.57945346 1.47773418 1.83511249]
2024-05-29 20:29:27,785 - pyswarms.single.global_best - INFO - Optimize for 1000 iters with {'c1': 0.5, 'c2': 0.3, 'w': 0.9}
2024-05-29 20:29:29,004 - pyswarms.single.global_best - INFO - Optimization finished | best cost: 0.0, best pos: [1.8429559  3.49723317 2.92162578 1.97809353]
2024-05-29 20:29:46,092 - pyswarms.single.global_best - INFO - Optimize for 1000 iters with {'c1': 0.5, 'c2': 0.3, 'w': 0.9}
2024-05-29 20:29:47,281 - pyswarms.single.global_best - INFO - Optimization finished | best cost: 0.0, best pos: [4.36506044 3.4484778  2.25026138 1.00734769]
2024-05-29 20:32:29,703 - pyswarms.single.global_best - INFO - Optimize for 1000 iters with {'c1': 0.5, 'c2': 0.1, 'w': 0.9}
2024-05-29 20:32:35,204 - pyswarms.single.global_best - INFO - Optimization finished | best cost: 0.0, best pos: [3.36609302 2.40341288 2.50750818 1.23685075]
2024-05-29 20:32:38,258 - pyswarms.single.global_best - INFO - Optimize for 1000 iters with {'c1': 0.5, 'c2': 0.1, 'w': 0.9}
2024-05-29 20:32:39,312 - pyswarms.single.global_best - INFO - Optimization finished | best cost: 0.0, best pos: [3.74949881 2.07071396 2.18254898 1.34196043]
2024-05-29 20:32:40,985 - pyswarms.single.global_best - INFO - Optimize for 1000 iters with {'c1': 0.5, 'c2': 0.1, 'w': 0.9}
2024-05-29 20:32:42,074 - pyswarms.single.global_best - INFO - Optimization finished | best cost: 0.0, best pos: [2.67584508 3.93394174 2.42393427 1.02454996]
2024-05-29 20:33:06,410 - pyswarms.single.global_best - INFO - Optimize for 1000 iters with {'c1': 0.5, 'c2': 0.3, 'w': 0.9}
2024-05-29 20:33:07,586 - pyswarms.single.global_best - INFO - Optimization finished | best cost: 0.0, best pos: [4.24155703 1.30516074 2.11251756 1.58622677]
2024-05-29 20:33:09,188 - pyswarms.single.global_best - INFO - Optimize for 1000 iters with {'c1': 0.5, 'c2': 0.3, 'w': 0.9}
2024-05-29 20:33:10,445 - pyswarms.single.global_best - INFO - Optimization finished | best cost: 0.0, best pos: [4.74936684 1.71014262 2.29898453 1.3961768 ]
2024-05-29 20:33:11,952 - pyswarms.single.global_best - INFO - Optimize for 1000 iters with {'c1': 0.5, 'c2': 0.3, 'w': 0.9}
2024-05-29 20:33:13,287 - pyswarms.single.global_best - INFO - Optimization finished | best cost: 0.0, best pos: [4.52428665 1.11163265 1.6473029  1.88850645]
2024-05-29 20:35:37,340 - pyswarms.single.global_best - INFO - Optimize for 1000 iters with {'c1': 0.5, 'c2': 0.3, 'w': 0.9}
2024-05-29 20:35:38,409 - pyswarms.single.global_best - INFO - Optimization finished | best cost: 8.0, best pos: [2.5484216  1.22880564 2.75710442 1.28772438]
2024-05-29 20:35:53,862 - pyswarms.single.global_best - INFO - Optimize for 1000 iters with {'c1': 0.5, 'c2': 0.3, 'w': 0.9}
2024-05-29 20:35:54,857 - pyswarms.single.global_best - INFO - Optimization finished | best cost: 8.0, best pos: [2.14821099 3.82154615 1.25305797 1.12883501]
2024-05-29 20:35:56,403 - pyswarms.single.global_best - INFO - Optimize for 1000 iters with {'c1': 0.5, 'c2': 0.3, 'w': 0.9}
2024-05-29 20:35:57,440 - pyswarms.single.global_best - INFO - Optimization finished | best cost: 8.0, best pos: [2.72354054 1.0964044  2.62796466 1.15884587]
2024-05-29 20:35:59,111 - pyswarms.single.global_best - INFO - Optimize for 1000 iters with {'c1': 0.5, 'c2': 0.3, 'w': 0.9}
2024-05-29 20:36:00,211 - pyswarms.single.global_best - INFO - Optimization finished | best cost: 8.0, best pos: [2.88490182 1.23646267 2.60892813 1.08947421]
2024-05-29 20:36:37,172 - pyswarms.single.global_best - INFO - Optimize for 1000 iters with {'c1': 0.5, 'c2': 0.3, 'w': 0.9}
2024-05-29 20:36:38,473 - pyswarms.single.global_best - INFO - Optimization finished | best cost: 16.0, best pos: [3.47216266 1.4744886  1.73918704 1.64309411]
2024-05-29 20:36:48,603 - pyswarms.single.global_best - INFO - Optimize for 1000 iters with {'c1': 0.5, 'c2': 0.3, 'w': 0.9}
2024-05-29 20:36:49,081 - pyswarms.single.global_best - INFO - Optimization finished | best cost: 16.0, best pos: [2.76547677 1.04915138 2.32537948 1.65624178]
